Determining if the pthread_create exist failed with the following output:
Change Dir: /catkin_ws/build/CMakeFiles/CMakeTmp

Run Build Command:"/usr/bin/make" "cmTC_748cd/fast"
/usr/bin/make -f CMakeFiles/cmTC_748cd.dir/build.make CMakeFiles/cmTC_748cd.dir/build
make[1]: Entering directory '/catkin_ws/build/CMakeFiles/CMakeTmp'
Building C object CMakeFiles/cmTC_748cd.dir/CheckSymbolExists.c.o
/usr/bin/cc    -o CMakeFiles/cmTC_748cd.dir/CheckSymbolExists.c.o   -c /catkin_ws/build/CMakeFiles/CMakeTmp/CheckSymbolExists.c
Linking C executable cmTC_748cd
/usr/bin/cmake -E cmake_link_script CMakeFiles/cmTC_748cd.dir/link.txt --verbose=1
/usr/bin/cc      -rdynamic CMakeFiles/cmTC_748cd.dir/CheckSymbolExists.c.o  -o cmTC_748cd 
CMakeFiles/cmTC_748cd.dir/CheckSymbolExists.c.o: In function `main':
CheckSymbolExists.c:(.text+0x14): undefined reference to `pthread_create'
CheckSymbolExists.c:(.text+0x18): undefined reference to `pthread_create'
collect2: error: ld returned 1 exit status
CMakeFiles/cmTC_748cd.dir/build.make:97: recipe for target 'cmTC_748cd' failed
make[1]: *** [cmTC_748cd] Error 1
make[1]: Leaving directory '/catkin_ws/build/CMakeFiles/CMakeTmp'
Makefile:126: recipe for target 'cmTC_748cd/fast' failed
make: *** [cmTC_748cd/fast] Error 2

File /catkin_ws/build/CMakeFiles/CMakeTmp/CheckSymbolExists.c:
/* */
#include <pthread.h>

int main(int argc, char** argv)
{
  (void)argv;
#ifndef pthread_create
  return ((int*)(&pthread_create))[argc];
#else
  (void)argc;
  return 0;
#endif
}

Determining if the function pthread_create exists in the pthreads failed with the following output:
Change Dir: /catkin_ws/build/CMakeFiles/CMakeTmp

Run Build Command:"/usr/bin/make" "cmTC_d698c/fast"
/usr/bin/make -f CMakeFiles/cmTC_d698c.dir/build.make CMakeFiles/cmTC_d698c.dir/build
make[1]: Entering directory '/catkin_ws/build/CMakeFiles/CMakeTmp'
Building C object CMakeFiles/cmTC_d698c.dir/CheckFunctionExists.c.o
/usr/bin/cc   -DCHECK_FUNCTION_EXISTS=pthread_create   -o CMakeFiles/cmTC_d698c.dir/CheckFunctionExists.c.o   -c /usr/share/cmake-3.10/Modules/CheckFunctionExists.c
Linking C executable cmTC_d698c
/usr/bin/cmake -E cmake_link_script CMakeFiles/cmTC_d698c.dir/link.txt --verbose=1
/usr/bin/cc  -DCHECK_FUNCTION_EXISTS=pthread_create    -rdynamic CMakeFiles/cmTC_d698c.dir/CheckFunctionExists.c.o  -o cmTC_d698c -lpthreads 
/usr/bin/ld: cannot find -lpthreads
collect2: error: ld returned 1 exit status
CMakeFiles/cmTC_d698c.dir/build.make:97: recipe for target 'cmTC_d698c' failed
make[1]: *** [cmTC_d698c] Error 1
make[1]: Leaving directory '/catkin_ws/build/CMakeFiles/CMakeTmp'
Makefile:126: recipe for target 'cmTC_d698c/fast' failed
make: *** [cmTC_d698c/fast] Error 2


