Determining if the pthread_create exist failed with the following output:
Change Dir: /catkin_ws/build/CMakeFiles/CMakeTmp

Run Build Command:"/usr/bin/make" "cmTC_99935/fast"
/usr/bin/make -f CMakeFiles/cmTC_99935.dir/build.make CMakeFiles/cmTC_99935.dir/build
make[1]: Entering directory '/catkin_ws/build/CMakeFiles/CMakeTmp'
Building C object CMakeFiles/cmTC_99935.dir/CheckSymbolExists.c.o
/usr/bin/cc    -o CMakeFiles/cmTC_99935.dir/CheckSymbolExists.c.o   -c /catkin_ws/build/CMakeFiles/CMakeTmp/CheckSymbolExists.c
Linking C executable cmTC_99935
/usr/bin/cmake -E cmake_link_script CMakeFiles/cmTC_99935.dir/link.txt --verbose=1
/usr/bin/cc      -rdynamic CMakeFiles/cmTC_99935.dir/CheckSymbolExists.c.o  -o cmTC_99935 
CMakeFiles/cmTC_99935.dir/CheckSymbolExists.c.o: In function `main':
CheckSymbolExists.c:(.text+0x14): undefined reference to `pthread_create'
CheckSymbolExists.c:(.text+0x18): undefined reference to `pthread_create'
collect2: error: ld returned 1 exit status
CMakeFiles/cmTC_99935.dir/build.make:97: recipe for target 'cmTC_99935' failed
make[1]: *** [cmTC_99935] Error 1
make[1]: Leaving directory '/catkin_ws/build/CMakeFiles/CMakeTmp'
Makefile:126: recipe for target 'cmTC_99935/fast' failed
make: *** [cmTC_99935/fast] Error 2

File /catkin_ws/build/CMakeFiles/CMakeTmp/CheckSymbolExists.c:
/* */
#include <pthread.h>

int main(int argc, char** argv)
{
  (void)argv;
#ifndef pthread_create
  return ((int*)(&pthread_create))[argc];
#else
  (void)argc;
  return 0;
#endif
}

Determining if the function pthread_create exists in the pthreads failed with the following output:
Change Dir: /catkin_ws/build/CMakeFiles/CMakeTmp

Run Build Command:"/usr/bin/make" "cmTC_d74ce/fast"
/usr/bin/make -f CMakeFiles/cmTC_d74ce.dir/build.make CMakeFiles/cmTC_d74ce.dir/build
make[1]: Entering directory '/catkin_ws/build/CMakeFiles/CMakeTmp'
Building C object CMakeFiles/cmTC_d74ce.dir/CheckFunctionExists.c.o
/usr/bin/cc   -DCHECK_FUNCTION_EXISTS=pthread_create   -o CMakeFiles/cmTC_d74ce.dir/CheckFunctionExists.c.o   -c /usr/share/cmake-3.10/Modules/CheckFunctionExists.c
Linking C executable cmTC_d74ce
/usr/bin/cmake -E cmake_link_script CMakeFiles/cmTC_d74ce.dir/link.txt --verbose=1
/usr/bin/cc  -DCHECK_FUNCTION_EXISTS=pthread_create    -rdynamic CMakeFiles/cmTC_d74ce.dir/CheckFunctionExists.c.o  -o cmTC_d74ce -lpthreads 
/usr/bin/ld: cannot find -lpthreads
collect2: error: ld returned 1 exit status
CMakeFiles/cmTC_d74ce.dir/build.make:97: recipe for target 'cmTC_d74ce' failed
make[1]: *** [cmTC_d74ce] Error 1
make[1]: Leaving directory '/catkin_ws/build/CMakeFiles/CMakeTmp'
Makefile:126: recipe for target 'cmTC_d74ce/fast' failed
make: *** [cmTC_d74ce/fast] Error 2


